WARNING - 2024-11-26 20:48:14 --> [DEPRECATED] Creation of dynamic property App\Controllers\AuthController::$userModel is deprecated in APPPATH/Controllers/AuthController.php on line 11.
 1 SYSTEMPATH/CodeIgniter.php(903): App\Controllers\AuthController->__construct()
 2 SYSTEMPATH/CodeIgniter.php(500): CodeIgniter\CodeIgniter->createController()
 3 SYSTEMPATH/CodeIgniter.php(355): CodeIgniter\CodeIgniter->handleRequest(null, Object(Config\Cache), false)
 4 SYSTEMPATH/Boot.php(325): CodeIgniter\CodeIgniter->run()
 5 SYSTEMPATH/Boot.php(67): CodeIgniter\Boot::runCodeIgniter(Object(CodeIgniter\CodeIgniter))
 6 FCPATH/index.php(56): CodeIgniter\Boot::bootWeb(Object(Config\Paths))
 7 SYSTEMPATH/rewrite.php(44): require_once('/Applications/XAMPP/xamppfiles/htdocs/my_project/public/index.php')
WARNING - 2024-11-26 20:48:30 --> [DEPRECATED] Creation of dynamic property App\Controllers\AuthController::$userModel is deprecated in APPPATH/Controllers/AuthController.php on line 11.
 1 SYSTEMPATH/CodeIgniter.php(903): App\Controllers\AuthController->__construct()
 2 SYSTEMPATH/CodeIgniter.php(500): CodeIgniter\CodeIgniter->createController()
 3 SYSTEMPATH/CodeIgniter.php(355): CodeIgniter\CodeIgniter->handleRequest(null, Object(Config\Cache), false)
 4 SYSTEMPATH/Boot.php(325): CodeIgniter\CodeIgniter->run()
 5 SYSTEMPATH/Boot.php(67): CodeIgniter\Boot::runCodeIgniter(Object(CodeIgniter\CodeIgniter))
 6 FCPATH/index.php(56): CodeIgniter\Boot::bootWeb(Object(Config\Paths))
 7 SYSTEMPATH/rewrite.php(44): require_once('/Applications/XAMPP/xamppfiles/htdocs/my_project/public/index.php')
WARNING - 2024-11-26 21:09:51 --> [DEPRECATED] Creation of dynamic property App\Controllers\AuthController::$userModel is deprecated in APPPATH/Controllers/AuthController.php on line 11.
 1 SYSTEMPATH/CodeIgniter.php(903): App\Controllers\AuthController->__construct()
 2 SYSTEMPATH/CodeIgniter.php(500): CodeIgniter\CodeIgniter->createController()
 3 SYSTEMPATH/CodeIgniter.php(355): CodeIgniter\CodeIgniter->handleRequest(null, Object(Config\Cache), false)
 4 SYSTEMPATH/Boot.php(325): CodeIgniter\CodeIgniter->run()
 5 SYSTEMPATH/Boot.php(67): CodeIgniter\Boot::runCodeIgniter(Object(CodeIgniter\CodeIgniter))
 6 FCPATH/index.php(56): CodeIgniter\Boot::bootWeb(Object(Config\Paths))
 7 SYSTEMPATH/rewrite.php(44): require_once('/Applications/XAMPP/xamppfiles/htdocs/my_project/public/index.php')
WARNING - 2024-11-26 21:09:53 --> [DEPRECATED] Creation of dynamic property App\Controllers\AuthController::$userModel is deprecated in APPPATH/Controllers/AuthController.php on line 11.
 1 SYSTEMPATH/CodeIgniter.php(903): App\Controllers\AuthController->__construct()
 2 SYSTEMPATH/CodeIgniter.php(500): CodeIgniter\CodeIgniter->createController()
 3 SYSTEMPATH/CodeIgniter.php(355): CodeIgniter\CodeIgniter->handleRequest(null, Object(Config\Cache), false)
 4 SYSTEMPATH/Boot.php(325): CodeIgniter\CodeIgniter->run()
 5 SYSTEMPATH/Boot.php(67): CodeIgniter\Boot::runCodeIgniter(Object(CodeIgniter\CodeIgniter))
 6 FCPATH/index.php(56): CodeIgniter\Boot::bootWeb(Object(Config\Paths))
 7 SYSTEMPATH/rewrite.php(44): require_once('/Applications/XAMPP/xamppfiles/htdocs/my_project/public/index.php')
WARNING - 2024-11-26 21:10:04 --> [DEPRECATED] Creation of dynamic property App\Controllers\AuthController::$userModel is deprecated in APPPATH/Controllers/AuthController.php on line 11.
 1 SYSTEMPATH/CodeIgniter.php(903): App\Controllers\AuthController->__construct()
 2 SYSTEMPATH/CodeIgniter.php(500): CodeIgniter\CodeIgniter->createController()
 3 SYSTEMPATH/CodeIgniter.php(355): CodeIgniter\CodeIgniter->handleRequest(null, Object(Config\Cache), false)
 4 SYSTEMPATH/Boot.php(325): CodeIgniter\CodeIgniter->run()
 5 SYSTEMPATH/Boot.php(67): CodeIgniter\Boot::runCodeIgniter(Object(CodeIgniter\CodeIgniter))
 6 FCPATH/index.php(56): CodeIgniter\Boot::bootWeb(Object(Config\Paths))
 7 SYSTEMPATH/rewrite.php(44): require_once('/Applications/XAMPP/xamppfiles/htdocs/my_project/public/index.php')
WARNING - 2024-11-26 21:11:11 --> [DEPRECATED] Creation of dynamic property App\Controllers\AuthController::$userModel is deprecated in APPPATH/Controllers/AuthController.php on line 11.
 1 SYSTEMPATH/CodeIgniter.php(903): App\Controllers\AuthController->__construct()
 2 SYSTEMPATH/CodeIgniter.php(500): CodeIgniter\CodeIgniter->createController()
 3 SYSTEMPATH/CodeIgniter.php(355): CodeIgniter\CodeIgniter->handleRequest(null, Object(Config\Cache), false)
 4 SYSTEMPATH/Boot.php(325): CodeIgniter\CodeIgniter->run()
 5 SYSTEMPATH/Boot.php(67): CodeIgniter\Boot::runCodeIgniter(Object(CodeIgniter\CodeIgniter))
 6 FCPATH/index.php(56): CodeIgniter\Boot::bootWeb(Object(Config\Paths))
 7 SYSTEMPATH/rewrite.php(44): require_once('/Applications/XAMPP/xamppfiles/htdocs/my_project/public/index.php')
WARNING - 2024-11-26 21:12:02 --> [DEPRECATED] Creation of dynamic property App\Controllers\AuthController::$userModel is deprecated in APPPATH/Controllers/AuthController.php on line 11.
 1 SYSTEMPATH/CodeIgniter.php(903): App\Controllers\AuthController->__construct()
 2 SYSTEMPATH/CodeIgniter.php(500): CodeIgniter\CodeIgniter->createController()
 3 SYSTEMPATH/CodeIgniter.php(355): CodeIgniter\CodeIgniter->handleRequest(null, Object(Config\Cache), false)
 4 SYSTEMPATH/Boot.php(325): CodeIgniter\CodeIgniter->run()
 5 SYSTEMPATH/Boot.php(67): CodeIgniter\Boot::runCodeIgniter(Object(CodeIgniter\CodeIgniter))
 6 FCPATH/index.php(56): CodeIgniter\Boot::bootWeb(Object(Config\Paths))
 7 SYSTEMPATH/rewrite.php(44): require_once('/Applications/XAMPP/xamppfiles/htdocs/my_project/public/index.php')
WARNING - 2024-11-26 21:12:23 --> [DEPRECATED] Creation of dynamic property App\Controllers\AuthController::$userModel is deprecated in APPPATH/Controllers/AuthController.php on line 11.
 1 SYSTEMPATH/CodeIgniter.php(903): App\Controllers\AuthController->__construct()
 2 SYSTEMPATH/CodeIgniter.php(500): CodeIgniter\CodeIgniter->createController()
 3 SYSTEMPATH/CodeIgniter.php(355): CodeIgniter\CodeIgniter->handleRequest(null, Object(Config\Cache), false)
 4 SYSTEMPATH/Boot.php(325): CodeIgniter\CodeIgniter->run()
 5 SYSTEMPATH/Boot.php(67): CodeIgniter\Boot::runCodeIgniter(Object(CodeIgniter\CodeIgniter))
 6 FCPATH/index.php(56): CodeIgniter\Boot::bootWeb(Object(Config\Paths))
 7 SYSTEMPATH/rewrite.php(44): require_once('/Applications/XAMPP/xamppfiles/htdocs/my_project/public/index.php')
WARNING - 2024-11-26 21:12:24 --> [DEPRECATED] Creation of dynamic property App\Controllers\AuthController::$userModel is deprecated in APPPATH/Controllers/AuthController.php on line 11.
 1 SYSTEMPATH/CodeIgniter.php(903): App\Controllers\AuthController->__construct()
 2 SYSTEMPATH/CodeIgniter.php(500): CodeIgniter\CodeIgniter->createController()
 3 SYSTEMPATH/CodeIgniter.php(355): CodeIgniter\CodeIgniter->handleRequest(null, Object(Config\Cache), false)
 4 SYSTEMPATH/Boot.php(325): CodeIgniter\CodeIgniter->run()
 5 SYSTEMPATH/Boot.php(67): CodeIgniter\Boot::runCodeIgniter(Object(CodeIgniter\CodeIgniter))
 6 FCPATH/index.php(56): CodeIgniter\Boot::bootWeb(Object(Config\Paths))
 7 SYSTEMPATH/rewrite.php(44): require_once('/Applications/XAMPP/xamppfiles/htdocs/my_project/public/index.php')
WARNING - 2024-11-26 21:12:26 --> [DEPRECATED] Creation of dynamic property App\Controllers\AuthController::$userModel is deprecated in APPPATH/Controllers/AuthController.php on line 11.
 1 SYSTEMPATH/CodeIgniter.php(903): App\Controllers\AuthController->__construct()
 2 SYSTEMPATH/CodeIgniter.php(500): CodeIgniter\CodeIgniter->createController()
 3 SYSTEMPATH/CodeIgniter.php(355): CodeIgniter\CodeIgniter->handleRequest(null, Object(Config\Cache), false)
 4 SYSTEMPATH/Boot.php(325): CodeIgniter\CodeIgniter->run()
 5 SYSTEMPATH/Boot.php(67): CodeIgniter\Boot::runCodeIgniter(Object(CodeIgniter\CodeIgniter))
 6 FCPATH/index.php(56): CodeIgniter\Boot::bootWeb(Object(Config\Paths))
 7 SYSTEMPATH/rewrite.php(44): require_once('/Applications/XAMPP/xamppfiles/htdocs/my_project/public/index.php')
WARNING - 2024-11-26 21:12:47 --> [DEPRECATED] Creation of dynamic property App\Controllers\AuthController::$userModel is deprecated in APPPATH/Controllers/AuthController.php on line 11.
 1 SYSTEMPATH/CodeIgniter.php(903): App\Controllers\AuthController->__construct()
 2 SYSTEMPATH/CodeIgniter.php(500): CodeIgniter\CodeIgniter->createController()
 3 SYSTEMPATH/CodeIgniter.php(355): CodeIgniter\CodeIgniter->handleRequest(null, Object(Config\Cache), false)
 4 SYSTEMPATH/Boot.php(325): CodeIgniter\CodeIgniter->run()
 5 SYSTEMPATH/Boot.php(67): CodeIgniter\Boot::runCodeIgniter(Object(CodeIgniter\CodeIgniter))
 6 FCPATH/index.php(56): CodeIgniter\Boot::bootWeb(Object(Config\Paths))
 7 SYSTEMPATH/rewrite.php(44): require_once('/Applications/XAMPP/xamppfiles/htdocs/my_project/public/index.php')
WARNING - 2024-11-26 21:12:53 --> [DEPRECATED] Creation of dynamic property App\Controllers\AuthController::$userModel is deprecated in APPPATH/Controllers/AuthController.php on line 11.
 1 SYSTEMPATH/CodeIgniter.php(903): App\Controllers\AuthController->__construct()
 2 SYSTEMPATH/CodeIgniter.php(500): CodeIgniter\CodeIgniter->createController()
 3 SYSTEMPATH/CodeIgniter.php(355): CodeIgniter\CodeIgniter->handleRequest(null, Object(Config\Cache), false)
 4 SYSTEMPATH/Boot.php(325): CodeIgniter\CodeIgniter->run()
 5 SYSTEMPATH/Boot.php(67): CodeIgniter\Boot::runCodeIgniter(Object(CodeIgniter\CodeIgniter))
 6 FCPATH/index.php(56): CodeIgniter\Boot::bootWeb(Object(Config\Paths))
 7 SYSTEMPATH/rewrite.php(44): require_once('/Applications/XAMPP/xamppfiles/htdocs/my_project/public/index.php')
WARNING - 2024-11-26 21:13:08 --> [DEPRECATED] Creation of dynamic property App\Controllers\AuthController::$userModel is deprecated in APPPATH/Controllers/AuthController.php on line 11.
 1 SYSTEMPATH/CodeIgniter.php(903): App\Controllers\AuthController->__construct()
 2 SYSTEMPATH/CodeIgniter.php(500): CodeIgniter\CodeIgniter->createController()
 3 SYSTEMPATH/CodeIgniter.php(355): CodeIgniter\CodeIgniter->handleRequest(null, Object(Config\Cache), false)
 4 SYSTEMPATH/Boot.php(325): CodeIgniter\CodeIgniter->run()
 5 SYSTEMPATH/Boot.php(67): CodeIgniter\Boot::runCodeIgniter(Object(CodeIgniter\CodeIgniter))
 6 FCPATH/index.php(56): CodeIgniter\Boot::bootWeb(Object(Config\Paths))
 7 SYSTEMPATH/rewrite.php(44): require_once('/Applications/XAMPP/xamppfiles/htdocs/my_project/public/index.php')
