WARNING - 2024-11-30 21:40:00 --> [DEPRECATED] Creation of dynamic property App\Controllers\AuthController::$userModel is deprecated in APPPATH/Controllers/AuthController.php on line 11.
 1 SYSTEMPATH/CodeIgniter.php(903): App\Controllers\AuthController->__construct()
 2 SYSTEMPATH/CodeIgniter.php(500): CodeIgniter\CodeIgniter->createController()
 3 SYSTEMPATH/CodeIgniter.php(355): CodeIgniter\CodeIgniter->handleRequest(null, Object(Config\Cache), false)
 4 SYSTEMPATH/Boot.php(325): CodeIgniter\CodeIgniter->run()
 5 SYSTEMPATH/Boot.php(67): CodeIgniter\Boot::runCodeIgniter(Object(CodeIgniter\CodeIgniter))
 6 FCPATH/index.php(56): CodeIgniter\Boot::bootWeb(Object(Config\Paths))
 7 SYSTEMPATH/rewrite.php(44): require_once('/Applications/XAMPP/xamppfiles/htdocs/my_project/public/index.php')
INFO - 2024-11-30 21:40:00 --> Session: Class initialized using 'CodeIgniter\Session\Handlers\FileHandler' driver.
WARNING - 2024-11-30 21:42:05 --> [DEPRECATED] Creation of dynamic property App\Controllers\AuthController::$userModel is deprecated in APPPATH/Controllers/AuthController.php on line 11.
 1 SYSTEMPATH/CodeIgniter.php(903): App\Controllers\AuthController->__construct()
 2 SYSTEMPATH/CodeIgniter.php(500): CodeIgniter\CodeIgniter->createController()
 3 SYSTEMPATH/CodeIgniter.php(355): CodeIgniter\CodeIgniter->handleRequest(null, Object(Config\Cache), false)
 4 SYSTEMPATH/Boot.php(325): CodeIgniter\CodeIgniter->run()
 5 SYSTEMPATH/Boot.php(67): CodeIgniter\Boot::runCodeIgniter(Object(CodeIgniter\CodeIgniter))
 6 FCPATH/index.php(56): CodeIgniter\Boot::bootWeb(Object(Config\Paths))
 7 SYSTEMPATH/rewrite.php(44): require_once('/Applications/XAMPP/xamppfiles/htdocs/my_project/public/index.php')
INFO - 2024-11-30 21:42:05 --> Session: Class initialized using 'CodeIgniter\Session\Handlers\FileHandler' driver.
WARNING - 2024-11-30 21:42:05 --> [DEPRECATED] Creation of dynamic property App\Controllers\AuthController::$userModel is deprecated in APPPATH/Controllers/AuthController.php on line 11.
 1 SYSTEMPATH/CodeIgniter.php(903): App\Controllers\AuthController->__construct()
 2 SYSTEMPATH/CodeIgniter.php(500): CodeIgniter\CodeIgniter->createController()
 3 SYSTEMPATH/CodeIgniter.php(355): CodeIgniter\CodeIgniter->handleRequest(null, Object(Config\Cache), false)
 4 SYSTEMPATH/Boot.php(325): CodeIgniter\CodeIgniter->run()
 5 SYSTEMPATH/Boot.php(67): CodeIgniter\Boot::runCodeIgniter(Object(CodeIgniter\CodeIgniter))
 6 FCPATH/index.php(56): CodeIgniter\Boot::bootWeb(Object(Config\Paths))
 7 SYSTEMPATH/rewrite.php(44): require_once('/Applications/XAMPP/xamppfiles/htdocs/my_project/public/index.php')
INFO - 2024-11-30 21:42:05 --> Session: Class initialized using 'CodeIgniter\Session\Handlers\FileHandler' driver.
WARNING - 2024-11-30 21:42:57 --> [DEPRECATED] Creation of dynamic property App\Controllers\AuthController::$userModel is deprecated in APPPATH/Controllers/AuthController.php on line 11.
 1 SYSTEMPATH/CodeIgniter.php(903): App\Controllers\AuthController->__construct()
 2 SYSTEMPATH/CodeIgniter.php(500): CodeIgniter\CodeIgniter->createController()
 3 SYSTEMPATH/CodeIgniter.php(355): CodeIgniter\CodeIgniter->handleRequest(null, Object(Config\Cache), false)
 4 SYSTEMPATH/Boot.php(325): CodeIgniter\CodeIgniter->run()
 5 SYSTEMPATH/Boot.php(67): CodeIgniter\Boot::runCodeIgniter(Object(CodeIgniter\CodeIgniter))
 6 FCPATH/index.php(56): CodeIgniter\Boot::bootWeb(Object(Config\Paths))
 7 SYSTEMPATH/rewrite.php(44): require_once('/Applications/XAMPP/xamppfiles/htdocs/my_project/public/index.php')
INFO - 2024-11-30 21:42:57 --> Session: Class initialized using 'CodeIgniter\Session\Handlers\FileHandler' driver.
WARNING - 2024-11-30 21:42:57 --> [DEPRECATED] Creation of dynamic property App\Controllers\AuthController::$userModel is deprecated in APPPATH/Controllers/AuthController.php on line 11.
 1 SYSTEMPATH/CodeIgniter.php(903): App\Controllers\AuthController->__construct()
 2 SYSTEMPATH/CodeIgniter.php(500): CodeIgniter\CodeIgniter->createController()
 3 SYSTEMPATH/CodeIgniter.php(355): CodeIgniter\CodeIgniter->handleRequest(null, Object(Config\Cache), false)
 4 SYSTEMPATH/Boot.php(325): CodeIgniter\CodeIgniter->run()
 5 SYSTEMPATH/Boot.php(67): CodeIgniter\Boot::runCodeIgniter(Object(CodeIgniter\CodeIgniter))
 6 FCPATH/index.php(56): CodeIgniter\Boot::bootWeb(Object(Config\Paths))
 7 SYSTEMPATH/rewrite.php(44): require_once('/Applications/XAMPP/xamppfiles/htdocs/my_project/public/index.php')
INFO - 2024-11-30 21:42:57 --> Session: Class initialized using 'CodeIgniter\Session\Handlers\FileHandler' driver.
WARNING - 2024-11-30 21:43:17 --> [DEPRECATED] Creation of dynamic property App\Controllers\AuthController::$userModel is deprecated in APPPATH/Controllers/AuthController.php on line 11.
 1 SYSTEMPATH/CodeIgniter.php(903): App\Controllers\AuthController->__construct()
 2 SYSTEMPATH/CodeIgniter.php(500): CodeIgniter\CodeIgniter->createController()
 3 SYSTEMPATH/CodeIgniter.php(355): CodeIgniter\CodeIgniter->handleRequest(null, Object(Config\Cache), false)
 4 SYSTEMPATH/Boot.php(325): CodeIgniter\CodeIgniter->run()
 5 SYSTEMPATH/Boot.php(67): CodeIgniter\Boot::runCodeIgniter(Object(CodeIgniter\CodeIgniter))
 6 FCPATH/index.php(56): CodeIgniter\Boot::bootWeb(Object(Config\Paths))
 7 SYSTEMPATH/rewrite.php(44): require_once('/Applications/XAMPP/xamppfiles/htdocs/my_project/public/index.php')
INFO - 2024-11-30 21:43:17 --> Session: Class initialized using 'CodeIgniter\Session\Handlers\FileHandler' driver.
WARNING - 2024-11-30 21:43:17 --> [DEPRECATED] Creation of dynamic property App\Controllers\AuthController::$userModel is deprecated in APPPATH/Controllers/AuthController.php on line 11.
 1 SYSTEMPATH/CodeIgniter.php(903): App\Controllers\AuthController->__construct()
 2 SYSTEMPATH/CodeIgniter.php(500): CodeIgniter\CodeIgniter->createController()
 3 SYSTEMPATH/CodeIgniter.php(355): CodeIgniter\CodeIgniter->handleRequest(null, Object(Config\Cache), false)
 4 SYSTEMPATH/Boot.php(325): CodeIgniter\CodeIgniter->run()
 5 SYSTEMPATH/Boot.php(67): CodeIgniter\Boot::runCodeIgniter(Object(CodeIgniter\CodeIgniter))
 6 FCPATH/index.php(56): CodeIgniter\Boot::bootWeb(Object(Config\Paths))
 7 SYSTEMPATH/rewrite.php(44): require_once('/Applications/XAMPP/xamppfiles/htdocs/my_project/public/index.php')
INFO - 2024-11-30 21:43:17 --> Session: Class initialized using 'CodeIgniter\Session\Handlers\FileHandler' driver.
WARNING - 2024-11-30 21:44:33 --> [DEPRECATED] Creation of dynamic property App\Controllers\AuthController::$userModel is deprecated in APPPATH/Controllers/AuthController.php on line 11.
 1 SYSTEMPATH/CodeIgniter.php(903): App\Controllers\AuthController->__construct()
 2 SYSTEMPATH/CodeIgniter.php(500): CodeIgniter\CodeIgniter->createController()
 3 SYSTEMPATH/CodeIgniter.php(355): CodeIgniter\CodeIgniter->handleRequest(null, Object(Config\Cache), false)
 4 SYSTEMPATH/Boot.php(325): CodeIgniter\CodeIgniter->run()
 5 SYSTEMPATH/Boot.php(67): CodeIgniter\Boot::runCodeIgniter(Object(CodeIgniter\CodeIgniter))
 6 FCPATH/index.php(56): CodeIgniter\Boot::bootWeb(Object(Config\Paths))
 7 SYSTEMPATH/rewrite.php(44): require_once('/Applications/XAMPP/xamppfiles/htdocs/my_project/public/index.php')
INFO - 2024-11-30 21:44:33 --> Session: Class initialized using 'CodeIgniter\Session\Handlers\FileHandler' driver.
WARNING - 2024-11-30 21:44:48 --> [DEPRECATED] Creation of dynamic property App\Controllers\AuthController::$userModel is deprecated in APPPATH/Controllers/AuthController.php on line 11.
 1 SYSTEMPATH/CodeIgniter.php(903): App\Controllers\AuthController->__construct()
 2 SYSTEMPATH/CodeIgniter.php(500): CodeIgniter\CodeIgniter->createController()
 3 SYSTEMPATH/CodeIgniter.php(355): CodeIgniter\CodeIgniter->handleRequest(null, Object(Config\Cache), false)
 4 SYSTEMPATH/Boot.php(325): CodeIgniter\CodeIgniter->run()
 5 SYSTEMPATH/Boot.php(67): CodeIgniter\Boot::runCodeIgniter(Object(CodeIgniter\CodeIgniter))
 6 FCPATH/index.php(56): CodeIgniter\Boot::bootWeb(Object(Config\Paths))
 7 SYSTEMPATH/rewrite.php(44): require_once('/Applications/XAMPP/xamppfiles/htdocs/my_project/public/index.php')
INFO - 2024-11-30 21:44:48 --> Session: Class initialized using 'CodeIgniter\Session\Handlers\FileHandler' driver.
CRITICAL - 2024-11-30 22:18:02 --> ErrorException: Undefined property: App\Controllers\DasController::$load
[Method: GET, Route: da]
in APPPATH/Controllers/DasController.php on line 8.
 1 APPPATH/Controllers/DasController.php(8): CodeIgniter\Debug\Exceptions->errorHandler(2, 'Undefined property: App\\Controllers\\DasController::$load', '/Applications/XAMPP/xamppfiles/htdocs/my_project/app/Controllers/DasController.php', 8)
 2 SYSTEMPATH/CodeIgniter.php(933): App\Controllers\DasController->index()
 3 SYSTEMPATH/CodeIgniter.php(509): CodeIgniter\CodeIgniter->runController(Object(App\Controllers\DasController))
 4 SYSTEMPATH/CodeIgniter.php(355): CodeIgniter\CodeIgniter->handleRequest(null, Object(Config\Cache), false)
 5 SYSTEMPATH/Boot.php(325): CodeIgniter\CodeIgniter->run()
 6 SYSTEMPATH/Boot.php(67): CodeIgniter\Boot::runCodeIgniter(Object(CodeIgniter\CodeIgniter))
 7 FCPATH/index.php(56): CodeIgniter\Boot::bootWeb(Object(Config\Paths))
 8 SYSTEMPATH/rewrite.php(44): require_once('/Applications/XAMPP/xamppfiles/htdocs/my_project/public/index.php')
CRITICAL - 2024-11-30 22:18:07 --> ErrorException: Undefined property: App\Controllers\DasController::$load
[Method: GET, Route: da]
in APPPATH/Controllers/DasController.php on line 8.
 1 APPPATH/Controllers/DasController.php(8): CodeIgniter\Debug\Exceptions->errorHandler(2, 'Undefined property: App\\Controllers\\DasController::$load', '/Applications/XAMPP/xamppfiles/htdocs/my_project/app/Controllers/DasController.php', 8)
 2 SYSTEMPATH/CodeIgniter.php(933): App\Controllers\DasController->index()
 3 SYSTEMPATH/CodeIgniter.php(509): CodeIgniter\CodeIgniter->runController(Object(App\Controllers\DasController))
 4 SYSTEMPATH/CodeIgniter.php(355): CodeIgniter\CodeIgniter->handleRequest(null, Object(Config\Cache), false)
 5 SYSTEMPATH/Boot.php(325): CodeIgniter\CodeIgniter->run()
 6 SYSTEMPATH/Boot.php(67): CodeIgniter\Boot::runCodeIgniter(Object(CodeIgniter\CodeIgniter))
 7 FCPATH/index.php(56): CodeIgniter\Boot::bootWeb(Object(Config\Paths))
 8 SYSTEMPATH/rewrite.php(44): require_once('/Applications/XAMPP/xamppfiles/htdocs/my_project/public/index.php')
ERROR - 2024-11-30 22:20:07 --> mysqli_sql_exception: Table 'todo_list.users' doesn't exist in /Applications/XAMPP/xamppfiles/htdocs/my_project/system/Database/MySQLi/Connection.php:312
Stack trace:
#0 /Applications/XAMPP/xamppfiles/htdocs/my_project/system/Database/MySQLi/Connection.php(312): mysqli->query('SELECT COUNT(*)...', 0)
#1 /Applications/XAMPP/xamppfiles/htdocs/my_project/system/Database/BaseConnection.php(734): CodeIgniter\Database\MySQLi\Connection->execute('SELECT COUNT(*)...')
#2 /Applications/XAMPP/xamppfiles/htdocs/my_project/system/Database/BaseConnection.php(648): CodeIgniter\Database\BaseConnection->simpleQuery('SELECT COUNT(*)...')
#3 /Applications/XAMPP/xamppfiles/htdocs/my_project/system/Database/BaseBuilder.php(1728): CodeIgniter\Database\BaseConnection->query('SELECT COUNT(*)...', Array, false)
#4 /Applications/XAMPP/xamppfiles/htdocs/my_project/system/Model.php(678): CodeIgniter\Database\BaseBuilder->countAllResults(true)
#5 /Applications/XAMPP/xamppfiles/htdocs/my_project/app/Models/DashboardModel.php(14): CodeIgniter\Model->countAllResults()
#6 /Applications/XAMPP/xamppfiles/htdocs/my_project/app/Controllers/DasController.php(15): App\Models\DashboardModel->countByRole('Admin')
#7 /Applications/XAMPP/xamppfiles/htdocs/my_project/system/CodeIgniter.php(933): App\Controllers\DasController->index()
#8 /Applications/XAMPP/xamppfiles/htdocs/my_project/system/CodeIgniter.php(509): CodeIgniter\CodeIgniter->runController(Object(App\Controllers\DasController))
#9 /Applications/XAMPP/xamppfiles/htdocs/my_project/system/CodeIgniter.php(355): CodeIgniter\CodeIgniter->handleRequest(NULL, Object(Config\Cache), false)
#10 /Applications/XAMPP/xamppfiles/htdocs/my_project/system/Boot.php(325): CodeIgniter\CodeIgniter->run()
#11 /Applications/XAMPP/xamppfiles/htdocs/my_project/system/Boot.php(67): CodeIgniter\Boot::runCodeIgniter(Object(CodeIgniter\CodeIgniter))
#12 /Applications/XAMPP/xamppfiles/htdocs/my_project/public/index.php(56): CodeIgniter\Boot::bootWeb(Object(Config\Paths))
#13 /Applications/XAMPP/xamppfiles/htdocs/my_project/system/rewrite.php(44): require_once('/Applications/X...')
#14 {main}
CRITICAL - 2024-11-30 22:20:07 --> CodeIgniter\Database\Exceptions\DatabaseException: Table 'todo_list.users' doesn't exist
[Method: GET, Route: da]
in SYSTEMPATH/Database/BaseConnection.php on line 688.
 1 SYSTEMPATH/Database/BaseBuilder.php(1728): CodeIgniter\Database\BaseConnection->query('SELECT COUNT(*) AS `numrows`
FROM `users`
WHERE `role` = :role:', [...], false)
 2 SYSTEMPATH/Model.php(678): CodeIgniter\Database\BaseBuilder->countAllResults(true)
 3 APPPATH/Models/DashboardModel.php(14): CodeIgniter\Model->countAllResults()
 4 APPPATH/Controllers/DasController.php(15): App\Models\DashboardModel->countByRole('Admin')
 5 SYSTEMPATH/CodeIgniter.php(933): App\Controllers\DasController->index()
 6 SYSTEMPATH/CodeIgniter.php(509): CodeIgniter\CodeIgniter->runController(Object(App\Controllers\DasController))
 7 SYSTEMPATH/CodeIgniter.php(355): CodeIgniter\CodeIgniter->handleRequest(null, Object(Config\Cache), false)
 8 SYSTEMPATH/Boot.php(325): CodeIgniter\CodeIgniter->run()
 9 SYSTEMPATH/Boot.php(67): CodeIgniter\Boot::runCodeIgniter(Object(CodeIgniter\CodeIgniter))
10 FCPATH/index.php(56): CodeIgniter\Boot::bootWeb(Object(Config\Paths))
11 SYSTEMPATH/rewrite.php(44): require_once('/Applications/XAMPP/xamppfiles/htdocs/my_project/public/index.php')
CRITICAL - 2024-11-30 22:20:07 --> [Caused by] CodeIgniter\Database\Exceptions\DatabaseException: Table 'todo_list.users' doesn't exist
in SYSTEMPATH/Database/MySQLi/Connection.php on line 317.
 1 SYSTEMPATH/Database/BaseConnection.php(734): CodeIgniter\Database\MySQLi\Connection->execute('SELECT COUNT(*) AS `numrows`
FROM `users`
WHERE `role` = \'Admin\'')
 2 SYSTEMPATH/Database/BaseConnection.php(648): CodeIgniter\Database\BaseConnection->simpleQuery('SELECT COUNT(*) AS `numrows`
FROM `users`
WHERE `role` = \'Admin\'')
 3 SYSTEMPATH/Database/BaseBuilder.php(1728): CodeIgniter\Database\BaseConnection->query('SELECT COUNT(*) AS `numrows`
FROM `users`
WHERE `role` = :role:', [...], false)
 4 SYSTEMPATH/Model.php(678): CodeIgniter\Database\BaseBuilder->countAllResults(true)
 5 APPPATH/Models/DashboardModel.php(14): CodeIgniter\Model->countAllResults()
 6 APPPATH/Controllers/DasController.php(15): App\Models\DashboardModel->countByRole('Admin')
 7 SYSTEMPATH/CodeIgniter.php(933): App\Controllers\DasController->index()
 8 SYSTEMPATH/CodeIgniter.php(509): CodeIgniter\CodeIgniter->runController(Object(App\Controllers\DasController))
 9 SYSTEMPATH/CodeIgniter.php(355): CodeIgniter\CodeIgniter->handleRequest(null, Object(Config\Cache), false)
10 SYSTEMPATH/Boot.php(325): CodeIgniter\CodeIgniter->run()
11 SYSTEMPATH/Boot.php(67): CodeIgniter\Boot::runCodeIgniter(Object(CodeIgniter\CodeIgniter))
12 FCPATH/index.php(56): CodeIgniter\Boot::bootWeb(Object(Config\Paths))
13 SYSTEMPATH/rewrite.php(44): require_once('/Applications/XAMPP/xamppfiles/htdocs/my_project/public/index.php')
CRITICAL - 2024-11-30 22:20:07 --> [Caused by] mysqli_sql_exception: Table 'todo_list.users' doesn't exist
in SYSTEMPATH/Database/MySQLi/Connection.php on line 312.
 1 SYSTEMPATH/Database/MySQLi/Connection.php(312): mysqli->query('SELECT COUNT(*) AS `numrows`
FROM `users`
WHERE `role` = \'Admin\'', 0)
 2 SYSTEMPATH/Database/BaseConnection.php(734): CodeIgniter\Database\MySQLi\Connection->execute('SELECT COUNT(*) AS `numrows`
FROM `users`
WHERE `role` = \'Admin\'')
 3 SYSTEMPATH/Database/BaseConnection.php(648): CodeIgniter\Database\BaseConnection->simpleQuery('SELECT COUNT(*) AS `numrows`
FROM `users`
WHERE `role` = \'Admin\'')
 4 SYSTEMPATH/Database/BaseBuilder.php(1728): CodeIgniter\Database\BaseConnection->query('SELECT COUNT(*) AS `numrows`
FROM `users`
WHERE `role` = :role:', [...], false)
 5 SYSTEMPATH/Model.php(678): CodeIgniter\Database\BaseBuilder->countAllResults(true)
 6 APPPATH/Models/DashboardModel.php(14): CodeIgniter\Model->countAllResults()
 7 APPPATH/Controllers/DasController.php(15): App\Models\DashboardModel->countByRole('Admin')
 8 SYSTEMPATH/CodeIgniter.php(933): App\Controllers\DasController->index()
 9 SYSTEMPATH/CodeIgniter.php(509): CodeIgniter\CodeIgniter->runController(Object(App\Controllers\DasController))
10 SYSTEMPATH/CodeIgniter.php(355): CodeIgniter\CodeIgniter->handleRequest(null, Object(Config\Cache), false)
11 SYSTEMPATH/Boot.php(325): CodeIgniter\CodeIgniter->run()
12 SYSTEMPATH/Boot.php(67): CodeIgniter\Boot::runCodeIgniter(Object(CodeIgniter\CodeIgniter))
13 FCPATH/index.php(56): CodeIgniter\Boot::bootWeb(Object(Config\Paths))
14 SYSTEMPATH/rewrite.php(44): require_once('/Applications/XAMPP/xamppfiles/htdocs/my_project/public/index.php')
ERROR - 2024-11-30 22:20:08 --> mysqli_sql_exception: Table 'todo_list.users' doesn't exist in /Applications/XAMPP/xamppfiles/htdocs/my_project/system/Database/MySQLi/Connection.php:312
Stack trace:
#0 /Applications/XAMPP/xamppfiles/htdocs/my_project/system/Database/MySQLi/Connection.php(312): mysqli->query('SELECT COUNT(*)...', 0)
#1 /Applications/XAMPP/xamppfiles/htdocs/my_project/system/Database/BaseConnection.php(734): CodeIgniter\Database\MySQLi\Connection->execute('SELECT COUNT(*)...')
#2 /Applications/XAMPP/xamppfiles/htdocs/my_project/system/Database/BaseConnection.php(648): CodeIgniter\Database\BaseConnection->simpleQuery('SELECT COUNT(*)...')
#3 /Applications/XAMPP/xamppfiles/htdocs/my_project/system/Database/BaseBuilder.php(1728): CodeIgniter\Database\BaseConnection->query('SELECT COUNT(*)...', Array, false)
#4 /Applications/XAMPP/xamppfiles/htdocs/my_project/system/Model.php(678): CodeIgniter\Database\BaseBuilder->countAllResults(true)
#5 /Applications/XAMPP/xamppfiles/htdocs/my_project/app/Models/DashboardModel.php(14): CodeIgniter\Model->countAllResults()
#6 /Applications/XAMPP/xamppfiles/htdocs/my_project/app/Controllers/DasController.php(15): App\Models\DashboardModel->countByRole('Admin')
#7 /Applications/XAMPP/xamppfiles/htdocs/my_project/system/CodeIgniter.php(933): App\Controllers\DasController->index()
#8 /Applications/XAMPP/xamppfiles/htdocs/my_project/system/CodeIgniter.php(509): CodeIgniter\CodeIgniter->runController(Object(App\Controllers\DasController))
#9 /Applications/XAMPP/xamppfiles/htdocs/my_project/system/CodeIgniter.php(355): CodeIgniter\CodeIgniter->handleRequest(NULL, Object(Config\Cache), false)
#10 /Applications/XAMPP/xamppfiles/htdocs/my_project/system/Boot.php(325): CodeIgniter\CodeIgniter->run()
#11 /Applications/XAMPP/xamppfiles/htdocs/my_project/system/Boot.php(67): CodeIgniter\Boot::runCodeIgniter(Object(CodeIgniter\CodeIgniter))
#12 /Applications/XAMPP/xamppfiles/htdocs/my_project/public/index.php(56): CodeIgniter\Boot::bootWeb(Object(Config\Paths))
#13 /Applications/XAMPP/xamppfiles/htdocs/my_project/system/rewrite.php(44): require_once('/Applications/X...')
#14 {main}
CRITICAL - 2024-11-30 22:20:08 --> CodeIgniter\Database\Exceptions\DatabaseException: Table 'todo_list.users' doesn't exist
[Method: GET, Route: da]
in SYSTEMPATH/Database/BaseConnection.php on line 688.
 1 SYSTEMPATH/Database/BaseBuilder.php(1728): CodeIgniter\Database\BaseConnection->query('SELECT COUNT(*) AS `numrows`
FROM `users`
WHERE `role` = :role:', [...], false)
 2 SYSTEMPATH/Model.php(678): CodeIgniter\Database\BaseBuilder->countAllResults(true)
 3 APPPATH/Models/DashboardModel.php(14): CodeIgniter\Model->countAllResults()
 4 APPPATH/Controllers/DasController.php(15): App\Models\DashboardModel->countByRole('Admin')
 5 SYSTEMPATH/CodeIgniter.php(933): App\Controllers\DasController->index()
 6 SYSTEMPATH/CodeIgniter.php(509): CodeIgniter\CodeIgniter->runController(Object(App\Controllers\DasController))
 7 SYSTEMPATH/CodeIgniter.php(355): CodeIgniter\CodeIgniter->handleRequest(null, Object(Config\Cache), false)
 8 SYSTEMPATH/Boot.php(325): CodeIgniter\CodeIgniter->run()
 9 SYSTEMPATH/Boot.php(67): CodeIgniter\Boot::runCodeIgniter(Object(CodeIgniter\CodeIgniter))
10 FCPATH/index.php(56): CodeIgniter\Boot::bootWeb(Object(Config\Paths))
11 SYSTEMPATH/rewrite.php(44): require_once('/Applications/XAMPP/xamppfiles/htdocs/my_project/public/index.php')
CRITICAL - 2024-11-30 22:20:08 --> [Caused by] CodeIgniter\Database\Exceptions\DatabaseException: Table 'todo_list.users' doesn't exist
in SYSTEMPATH/Database/MySQLi/Connection.php on line 317.
 1 SYSTEMPATH/Database/BaseConnection.php(734): CodeIgniter\Database\MySQLi\Connection->execute('SELECT COUNT(*) AS `numrows`
FROM `users`
WHERE `role` = \'Admin\'')
 2 SYSTEMPATH/Database/BaseConnection.php(648): CodeIgniter\Database\BaseConnection->simpleQuery('SELECT COUNT(*) AS `numrows`
FROM `users`
WHERE `role` = \'Admin\'')
 3 SYSTEMPATH/Database/BaseBuilder.php(1728): CodeIgniter\Database\BaseConnection->query('SELECT COUNT(*) AS `numrows`
FROM `users`
WHERE `role` = :role:', [...], false)
 4 SYSTEMPATH/Model.php(678): CodeIgniter\Database\BaseBuilder->countAllResults(true)
 5 APPPATH/Models/DashboardModel.php(14): CodeIgniter\Model->countAllResults()
 6 APPPATH/Controllers/DasController.php(15): App\Models\DashboardModel->countByRole('Admin')
 7 SYSTEMPATH/CodeIgniter.php(933): App\Controllers\DasController->index()
 8 SYSTEMPATH/CodeIgniter.php(509): CodeIgniter\CodeIgniter->runController(Object(App\Controllers\DasController))
 9 SYSTEMPATH/CodeIgniter.php(355): CodeIgniter\CodeIgniter->handleRequest(null, Object(Config\Cache), false)
10 SYSTEMPATH/Boot.php(325): CodeIgniter\CodeIgniter->run()
11 SYSTEMPATH/Boot.php(67): CodeIgniter\Boot::runCodeIgniter(Object(CodeIgniter\CodeIgniter))
12 FCPATH/index.php(56): CodeIgniter\Boot::bootWeb(Object(Config\Paths))
13 SYSTEMPATH/rewrite.php(44): require_once('/Applications/XAMPP/xamppfiles/htdocs/my_project/public/index.php')
CRITICAL - 2024-11-30 22:20:08 --> [Caused by] mysqli_sql_exception: Table 'todo_list.users' doesn't exist
in SYSTEMPATH/Database/MySQLi/Connection.php on line 312.
 1 SYSTEMPATH/Database/MySQLi/Connection.php(312): mysqli->query('SELECT COUNT(*) AS `numrows`
FROM `users`
WHERE `role` = \'Admin\'', 0)
 2 SYSTEMPATH/Database/BaseConnection.php(734): CodeIgniter\Database\MySQLi\Connection->execute('SELECT COUNT(*) AS `numrows`
FROM `users`
WHERE `role` = \'Admin\'')
 3 SYSTEMPATH/Database/BaseConnection.php(648): CodeIgniter\Database\BaseConnection->simpleQuery('SELECT COUNT(*) AS `numrows`
FROM `users`
WHERE `role` = \'Admin\'')
 4 SYSTEMPATH/Database/BaseBuilder.php(1728): CodeIgniter\Database\BaseConnection->query('SELECT COUNT(*) AS `numrows`
FROM `users`
WHERE `role` = :role:', [...], false)
 5 SYSTEMPATH/Model.php(678): CodeIgniter\Database\BaseBuilder->countAllResults(true)
 6 APPPATH/Models/DashboardModel.php(14): CodeIgniter\Model->countAllResults()
 7 APPPATH/Controllers/DasController.php(15): App\Models\DashboardModel->countByRole('Admin')
 8 SYSTEMPATH/CodeIgniter.php(933): App\Controllers\DasController->index()
 9 SYSTEMPATH/CodeIgniter.php(509): CodeIgniter\CodeIgniter->runController(Object(App\Controllers\DasController))
10 SYSTEMPATH/CodeIgniter.php(355): CodeIgniter\CodeIgniter->handleRequest(null, Object(Config\Cache), false)
11 SYSTEMPATH/Boot.php(325): CodeIgniter\CodeIgniter->run()
12 SYSTEMPATH/Boot.php(67): CodeIgniter\Boot::runCodeIgniter(Object(CodeIgniter\CodeIgniter))
13 FCPATH/index.php(56): CodeIgniter\Boot::bootWeb(Object(Config\Paths))
14 SYSTEMPATH/rewrite.php(44): require_once('/Applications/XAMPP/xamppfiles/htdocs/my_project/public/index.php')
ERROR - 2024-11-30 22:20:14 --> mysqli_sql_exception: Table 'todo_list.users' doesn't exist in /Applications/XAMPP/xamppfiles/htdocs/my_project/system/Database/MySQLi/Connection.php:312
Stack trace:
#0 /Applications/XAMPP/xamppfiles/htdocs/my_project/system/Database/MySQLi/Connection.php(312): mysqli->query('SELECT COUNT(*)...', 0)
#1 /Applications/XAMPP/xamppfiles/htdocs/my_project/system/Database/BaseConnection.php(734): CodeIgniter\Database\MySQLi\Connection->execute('SELECT COUNT(*)...')
#2 /Applications/XAMPP/xamppfiles/htdocs/my_project/system/Database/BaseConnection.php(648): CodeIgniter\Database\BaseConnection->simpleQuery('SELECT COUNT(*)...')
#3 /Applications/XAMPP/xamppfiles/htdocs/my_project/system/Database/BaseBuilder.php(1728): CodeIgniter\Database\BaseConnection->query('SELECT COUNT(*)...', Array, false)
#4 /Applications/XAMPP/xamppfiles/htdocs/my_project/system/Model.php(678): CodeIgniter\Database\BaseBuilder->countAllResults(true)
#5 /Applications/XAMPP/xamppfiles/htdocs/my_project/app/Models/DashboardModel.php(14): CodeIgniter\Model->countAllResults()
#6 /Applications/XAMPP/xamppfiles/htdocs/my_project/app/Controllers/DasController.php(15): App\Models\DashboardModel->countByRole('Admin')
#7 /Applications/XAMPP/xamppfiles/htdocs/my_project/system/CodeIgniter.php(933): App\Controllers\DasController->index()
#8 /Applications/XAMPP/xamppfiles/htdocs/my_project/system/CodeIgniter.php(509): CodeIgniter\CodeIgniter->runController(Object(App\Controllers\DasController))
#9 /Applications/XAMPP/xamppfiles/htdocs/my_project/system/CodeIgniter.php(355): CodeIgniter\CodeIgniter->handleRequest(NULL, Object(Config\Cache), false)
#10 /Applications/XAMPP/xamppfiles/htdocs/my_project/system/Boot.php(325): CodeIgniter\CodeIgniter->run()
#11 /Applications/XAMPP/xamppfiles/htdocs/my_project/system/Boot.php(67): CodeIgniter\Boot::runCodeIgniter(Object(CodeIgniter\CodeIgniter))
#12 /Applications/XAMPP/xamppfiles/htdocs/my_project/public/index.php(56): CodeIgniter\Boot::bootWeb(Object(Config\Paths))
#13 /Applications/XAMPP/xamppfiles/htdocs/my_project/system/rewrite.php(44): require_once('/Applications/X...')
#14 {main}
CRITICAL - 2024-11-30 22:20:14 --> CodeIgniter\Database\Exceptions\DatabaseException: Table 'todo_list.users' doesn't exist
[Method: GET, Route: da]
in SYSTEMPATH/Database/BaseConnection.php on line 688.
 1 SYSTEMPATH/Database/BaseBuilder.php(1728): CodeIgniter\Database\BaseConnection->query('SELECT COUNT(*) AS `numrows`
FROM `users`
WHERE `role` = :role:', [...], false)
 2 SYSTEMPATH/Model.php(678): CodeIgniter\Database\BaseBuilder->countAllResults(true)
 3 APPPATH/Models/DashboardModel.php(14): CodeIgniter\Model->countAllResults()
 4 APPPATH/Controllers/DasController.php(15): App\Models\DashboardModel->countByRole('Admin')
 5 SYSTEMPATH/CodeIgniter.php(933): App\Controllers\DasController->index()
 6 SYSTEMPATH/CodeIgniter.php(509): CodeIgniter\CodeIgniter->runController(Object(App\Controllers\DasController))
 7 SYSTEMPATH/CodeIgniter.php(355): CodeIgniter\CodeIgniter->handleRequest(null, Object(Config\Cache), false)
 8 SYSTEMPATH/Boot.php(325): CodeIgniter\CodeIgniter->run()
 9 SYSTEMPATH/Boot.php(67): CodeIgniter\Boot::runCodeIgniter(Object(CodeIgniter\CodeIgniter))
10 FCPATH/index.php(56): CodeIgniter\Boot::bootWeb(Object(Config\Paths))
11 SYSTEMPATH/rewrite.php(44): require_once('/Applications/XAMPP/xamppfiles/htdocs/my_project/public/index.php')
CRITICAL - 2024-11-30 22:20:14 --> [Caused by] CodeIgniter\Database\Exceptions\DatabaseException: Table 'todo_list.users' doesn't exist
in SYSTEMPATH/Database/MySQLi/Connection.php on line 317.
 1 SYSTEMPATH/Database/BaseConnection.php(734): CodeIgniter\Database\MySQLi\Connection->execute('SELECT COUNT(*) AS `numrows`
FROM `users`
WHERE `role` = \'Admin\'')
 2 SYSTEMPATH/Database/BaseConnection.php(648): CodeIgniter\Database\BaseConnection->simpleQuery('SELECT COUNT(*) AS `numrows`
FROM `users`
WHERE `role` = \'Admin\'')
 3 SYSTEMPATH/Database/BaseBuilder.php(1728): CodeIgniter\Database\BaseConnection->query('SELECT COUNT(*) AS `numrows`
FROM `users`
WHERE `role` = :role:', [...], false)
 4 SYSTEMPATH/Model.php(678): CodeIgniter\Database\BaseBuilder->countAllResults(true)
 5 APPPATH/Models/DashboardModel.php(14): CodeIgniter\Model->countAllResults()
 6 APPPATH/Controllers/DasController.php(15): App\Models\DashboardModel->countByRole('Admin')
 7 SYSTEMPATH/CodeIgniter.php(933): App\Controllers\DasController->index()
 8 SYSTEMPATH/CodeIgniter.php(509): CodeIgniter\CodeIgniter->runController(Object(App\Controllers\DasController))
 9 SYSTEMPATH/CodeIgniter.php(355): CodeIgniter\CodeIgniter->handleRequest(null, Object(Config\Cache), false)
10 SYSTEMPATH/Boot.php(325): CodeIgniter\CodeIgniter->run()
11 SYSTEMPATH/Boot.php(67): CodeIgniter\Boot::runCodeIgniter(Object(CodeIgniter\CodeIgniter))
12 FCPATH/index.php(56): CodeIgniter\Boot::bootWeb(Object(Config\Paths))
13 SYSTEMPATH/rewrite.php(44): require_once('/Applications/XAMPP/xamppfiles/htdocs/my_project/public/index.php')
CRITICAL - 2024-11-30 22:20:14 --> [Caused by] mysqli_sql_exception: Table 'todo_list.users' doesn't exist
in SYSTEMPATH/Database/MySQLi/Connection.php on line 312.
 1 SYSTEMPATH/Database/MySQLi/Connection.php(312): mysqli->query('SELECT COUNT(*) AS `numrows`
FROM `users`
WHERE `role` = \'Admin\'', 0)
 2 SYSTEMPATH/Database/BaseConnection.php(734): CodeIgniter\Database\MySQLi\Connection->execute('SELECT COUNT(*) AS `numrows`
FROM `users`
WHERE `role` = \'Admin\'')
 3 SYSTEMPATH/Database/BaseConnection.php(648): CodeIgniter\Database\BaseConnection->simpleQuery('SELECT COUNT(*) AS `numrows`
FROM `users`
WHERE `role` = \'Admin\'')
 4 SYSTEMPATH/Database/BaseBuilder.php(1728): CodeIgniter\Database\BaseConnection->query('SELECT COUNT(*) AS `numrows`
FROM `users`
WHERE `role` = :role:', [...], false)
 5 SYSTEMPATH/Model.php(678): CodeIgniter\Database\BaseBuilder->countAllResults(true)
 6 APPPATH/Models/DashboardModel.php(14): CodeIgniter\Model->countAllResults()
 7 APPPATH/Controllers/DasController.php(15): App\Models\DashboardModel->countByRole('Admin')
 8 SYSTEMPATH/CodeIgniter.php(933): App\Controllers\DasController->index()
 9 SYSTEMPATH/CodeIgniter.php(509): CodeIgniter\CodeIgniter->runController(Object(App\Controllers\DasController))
10 SYSTEMPATH/CodeIgniter.php(355): CodeIgniter\CodeIgniter->handleRequest(null, Object(Config\Cache), false)
11 SYSTEMPATH/Boot.php(325): CodeIgniter\CodeIgniter->run()
12 SYSTEMPATH/Boot.php(67): CodeIgniter\Boot::runCodeIgniter(Object(CodeIgniter\CodeIgniter))
13 FCPATH/index.php(56): CodeIgniter\Boot::bootWeb(Object(Config\Paths))
14 SYSTEMPATH/rewrite.php(44): require_once('/Applications/XAMPP/xamppfiles/htdocs/my_project/public/index.php')
ERROR - 2024-11-30 22:21:14 --> mysqli_sql_exception: Unknown column 'active' in 'where clause' in /Applications/XAMPP/xamppfiles/htdocs/my_project/system/Database/MySQLi/Connection.php:312
Stack trace:
#0 /Applications/XAMPP/xamppfiles/htdocs/my_project/system/Database/MySQLi/Connection.php(312): mysqli->query('SELECT COUNT(*)...', 0)
#1 /Applications/XAMPP/xamppfiles/htdocs/my_project/system/Database/BaseConnection.php(734): CodeIgniter\Database\MySQLi\Connection->execute('SELECT COUNT(*)...')
#2 /Applications/XAMPP/xamppfiles/htdocs/my_project/system/Database/BaseConnection.php(648): CodeIgniter\Database\BaseConnection->simpleQuery('SELECT COUNT(*)...')
#3 /Applications/XAMPP/xamppfiles/htdocs/my_project/system/Database/BaseBuilder.php(1728): CodeIgniter\Database\BaseConnection->query('SELECT COUNT(*)...', Array, false)
#4 /Applications/XAMPP/xamppfiles/htdocs/my_project/system/Model.php(678): CodeIgniter\Database\BaseBuilder->countAllResults(true)
#5 /Applications/XAMPP/xamppfiles/htdocs/my_project/app/Models/DashboardModel.php(20): CodeIgniter\Model->countAllResults()
#6 /Applications/XAMPP/xamppfiles/htdocs/my_project/app/Controllers/DasController.php(17): App\Models\DashboardModel->countActiveUsers()
#7 /Applications/XAMPP/xamppfiles/htdocs/my_project/system/CodeIgniter.php(933): App\Controllers\DasController->index()
#8 /Applications/XAMPP/xamppfiles/htdocs/my_project/system/CodeIgniter.php(509): CodeIgniter\CodeIgniter->runController(Object(App\Controllers\DasController))
#9 /Applications/XAMPP/xamppfiles/htdocs/my_project/system/CodeIgniter.php(355): CodeIgniter\CodeIgniter->handleRequest(NULL, Object(Config\Cache), false)
#10 /Applications/XAMPP/xamppfiles/htdocs/my_project/system/Boot.php(325): CodeIgniter\CodeIgniter->run()
#11 /Applications/XAMPP/xamppfiles/htdocs/my_project/system/Boot.php(67): CodeIgniter\Boot::runCodeIgniter(Object(CodeIgniter\CodeIgniter))
#12 /Applications/XAMPP/xamppfiles/htdocs/my_project/public/index.php(56): CodeIgniter\Boot::bootWeb(Object(Config\Paths))
#13 /Applications/XAMPP/xamppfiles/htdocs/my_project/system/rewrite.php(44): require_once('/Applications/X...')
#14 {main}
CRITICAL - 2024-11-30 22:21:14 --> CodeIgniter\Database\Exceptions\DatabaseException: Unknown column 'active' in 'where clause'
[Method: GET, Route: da]
in SYSTEMPATH/Database/BaseConnection.php on line 688.
 1 SYSTEMPATH/Database/BaseBuilder.php(1728): CodeIgniter\Database\BaseConnection->query('SELECT COUNT(*) AS `numrows`
FROM `utilisateurs`
WHERE `active` = :active:', [...], false)
 2 SYSTEMPATH/Model.php(678): CodeIgniter\Database\BaseBuilder->countAllResults(true)
 3 APPPATH/Models/DashboardModel.php(20): CodeIgniter\Model->countAllResults()
 4 APPPATH/Controllers/DasController.php(17): App\Models\DashboardModel->countActiveUsers()
 5 SYSTEMPATH/CodeIgniter.php(933): App\Controllers\DasController->index()
 6 SYSTEMPATH/CodeIgniter.php(509): CodeIgniter\CodeIgniter->runController(Object(App\Controllers\DasController))
 7 SYSTEMPATH/CodeIgniter.php(355): CodeIgniter\CodeIgniter->handleRequest(null, Object(Config\Cache), false)
 8 SYSTEMPATH/Boot.php(325): CodeIgniter\CodeIgniter->run()
 9 SYSTEMPATH/Boot.php(67): CodeIgniter\Boot::runCodeIgniter(Object(CodeIgniter\CodeIgniter))
10 FCPATH/index.php(56): CodeIgniter\Boot::bootWeb(Object(Config\Paths))
11 SYSTEMPATH/rewrite.php(44): require_once('/Applications/XAMPP/xamppfiles/htdocs/my_project/public/index.php')
CRITICAL - 2024-11-30 22:21:14 --> [Caused by] CodeIgniter\Database\Exceptions\DatabaseException: Unknown column 'active' in 'where clause'
in SYSTEMPATH/Database/MySQLi/Connection.php on line 317.
 1 SYSTEMPATH/Database/BaseConnection.php(734): CodeIgniter\Database\MySQLi\Connection->execute('SELECT COUNT(*) AS `numrows`
FROM `utilisateurs`
WHERE `active` = 1')
 2 SYSTEMPATH/Database/BaseConnection.php(648): CodeIgniter\Database\BaseConnection->simpleQuery('SELECT COUNT(*) AS `numrows`
FROM `utilisateurs`
WHERE `active` = 1')
 3 SYSTEMPATH/Database/BaseBuilder.php(1728): CodeIgniter\Database\BaseConnection->query('SELECT COUNT(*) AS `numrows`
FROM `utilisateurs`
WHERE `active` = :active:', [...], false)
 4 SYSTEMPATH/Model.php(678): CodeIgniter\Database\BaseBuilder->countAllResults(true)
 5 APPPATH/Models/DashboardModel.php(20): CodeIgniter\Model->countAllResults()
 6 APPPATH/Controllers/DasController.php(17): App\Models\DashboardModel->countActiveUsers()
 7 SYSTEMPATH/CodeIgniter.php(933): App\Controllers\DasController->index()
 8 SYSTEMPATH/CodeIgniter.php(509): CodeIgniter\CodeIgniter->runController(Object(App\Controllers\DasController))
 9 SYSTEMPATH/CodeIgniter.php(355): CodeIgniter\CodeIgniter->handleRequest(null, Object(Config\Cache), false)
10 SYSTEMPATH/Boot.php(325): CodeIgniter\CodeIgniter->run()
11 SYSTEMPATH/Boot.php(67): CodeIgniter\Boot::runCodeIgniter(Object(CodeIgniter\CodeIgniter))
12 FCPATH/index.php(56): CodeIgniter\Boot::bootWeb(Object(Config\Paths))
13 SYSTEMPATH/rewrite.php(44): require_once('/Applications/XAMPP/xamppfiles/htdocs/my_project/public/index.php')
CRITICAL - 2024-11-30 22:21:14 --> [Caused by] mysqli_sql_exception: Unknown column 'active' in 'where clause'
in SYSTEMPATH/Database/MySQLi/Connection.php on line 312.
 1 SYSTEMPATH/Database/MySQLi/Connection.php(312): mysqli->query('SELECT COUNT(*) AS `numrows`
FROM `utilisateurs`
WHERE `active` = 1', 0)
 2 SYSTEMPATH/Database/BaseConnection.php(734): CodeIgniter\Database\MySQLi\Connection->execute('SELECT COUNT(*) AS `numrows`
FROM `utilisateurs`
WHERE `active` = 1')
 3 SYSTEMPATH/Database/BaseConnection.php(648): CodeIgniter\Database\BaseConnection->simpleQuery('SELECT COUNT(*) AS `numrows`
FROM `utilisateurs`
WHERE `active` = 1')
 4 SYSTEMPATH/Database/BaseBuilder.php(1728): CodeIgniter\Database\BaseConnection->query('SELECT COUNT(*) AS `numrows`
FROM `utilisateurs`
WHERE `active` = :active:', [...], false)
 5 SYSTEMPATH/Model.php(678): CodeIgniter\Database\BaseBuilder->countAllResults(true)
 6 APPPATH/Models/DashboardModel.php(20): CodeIgniter\Model->countAllResults()
 7 APPPATH/Controllers/DasController.php(17): App\Models\DashboardModel->countActiveUsers()
 8 SYSTEMPATH/CodeIgniter.php(933): App\Controllers\DasController->index()
 9 SYSTEMPATH/CodeIgniter.php(509): CodeIgniter\CodeIgniter->runController(Object(App\Controllers\DasController))
10 SYSTEMPATH/CodeIgniter.php(355): CodeIgniter\CodeIgniter->handleRequest(null, Object(Config\Cache), false)
11 SYSTEMPATH/Boot.php(325): CodeIgniter\CodeIgniter->run()
12 SYSTEMPATH/Boot.php(67): CodeIgniter\Boot::runCodeIgniter(Object(CodeIgniter\CodeIgniter))
13 FCPATH/index.php(56): CodeIgniter\Boot::bootWeb(Object(Config\Paths))
14 SYSTEMPATH/rewrite.php(44): require_once('/Applications/XAMPP/xamppfiles/htdocs/my_project/public/index.php')
ERROR - 2024-11-30 22:21:15 --> mysqli_sql_exception: Unknown column 'active' in 'where clause' in /Applications/XAMPP/xamppfiles/htdocs/my_project/system/Database/MySQLi/Connection.php:312
Stack trace:
#0 /Applications/XAMPP/xamppfiles/htdocs/my_project/system/Database/MySQLi/Connection.php(312): mysqli->query('SELECT COUNT(*)...', 0)
#1 /Applications/XAMPP/xamppfiles/htdocs/my_project/system/Database/BaseConnection.php(734): CodeIgniter\Database\MySQLi\Connection->execute('SELECT COUNT(*)...')
#2 /Applications/XAMPP/xamppfiles/htdocs/my_project/system/Database/BaseConnection.php(648): CodeIgniter\Database\BaseConnection->simpleQuery('SELECT COUNT(*)...')
#3 /Applications/XAMPP/xamppfiles/htdocs/my_project/system/Database/BaseBuilder.php(1728): CodeIgniter\Database\BaseConnection->query('SELECT COUNT(*)...', Array, false)
#4 /Applications/XAMPP/xamppfiles/htdocs/my_project/system/Model.php(678): CodeIgniter\Database\BaseBuilder->countAllResults(true)
#5 /Applications/XAMPP/xamppfiles/htdocs/my_project/app/Models/DashboardModel.php(20): CodeIgniter\Model->countAllResults()
#6 /Applications/XAMPP/xamppfiles/htdocs/my_project/app/Controllers/DasController.php(17): App\Models\DashboardModel->countActiveUsers()
#7 /Applications/XAMPP/xamppfiles/htdocs/my_project/system/CodeIgniter.php(933): App\Controllers\DasController->index()
#8 /Applications/XAMPP/xamppfiles/htdocs/my_project/system/CodeIgniter.php(509): CodeIgniter\CodeIgniter->runController(Object(App\Controllers\DasController))
#9 /Applications/XAMPP/xamppfiles/htdocs/my_project/system/CodeIgniter.php(355): CodeIgniter\CodeIgniter->handleRequest(NULL, Object(Config\Cache), false)
#10 /Applications/XAMPP/xamppfiles/htdocs/my_project/system/Boot.php(325): CodeIgniter\CodeIgniter->run()
#11 /Applications/XAMPP/xamppfiles/htdocs/my_project/system/Boot.php(67): CodeIgniter\Boot::runCodeIgniter(Object(CodeIgniter\CodeIgniter))
#12 /Applications/XAMPP/xamppfiles/htdocs/my_project/public/index.php(56): CodeIgniter\Boot::bootWeb(Object(Config\Paths))
#13 /Applications/XAMPP/xamppfiles/htdocs/my_project/system/rewrite.php(44): require_once('/Applications/X...')
#14 {main}
CRITICAL - 2024-11-30 22:21:15 --> CodeIgniter\Database\Exceptions\DatabaseException: Unknown column 'active' in 'where clause'
[Method: GET, Route: da]
in SYSTEMPATH/Database/BaseConnection.php on line 688.
 1 SYSTEMPATH/Database/BaseBuilder.php(1728): CodeIgniter\Database\BaseConnection->query('SELECT COUNT(*) AS `numrows`
FROM `utilisateurs`
WHERE `active` = :active:', [...], false)
 2 SYSTEMPATH/Model.php(678): CodeIgniter\Database\BaseBuilder->countAllResults(true)
 3 APPPATH/Models/DashboardModel.php(20): CodeIgniter\Model->countAllResults()
 4 APPPATH/Controllers/DasController.php(17): App\Models\DashboardModel->countActiveUsers()
 5 SYSTEMPATH/CodeIgniter.php(933): App\Controllers\DasController->index()
 6 SYSTEMPATH/CodeIgniter.php(509): CodeIgniter\CodeIgniter->runController(Object(App\Controllers\DasController))
 7 SYSTEMPATH/CodeIgniter.php(355): CodeIgniter\CodeIgniter->handleRequest(null, Object(Config\Cache), false)
 8 SYSTEMPATH/Boot.php(325): CodeIgniter\CodeIgniter->run()
 9 SYSTEMPATH/Boot.php(67): CodeIgniter\Boot::runCodeIgniter(Object(CodeIgniter\CodeIgniter))
10 FCPATH/index.php(56): CodeIgniter\Boot::bootWeb(Object(Config\Paths))
11 SYSTEMPATH/rewrite.php(44): require_once('/Applications/XAMPP/xamppfiles/htdocs/my_project/public/index.php')
CRITICAL - 2024-11-30 22:21:15 --> [Caused by] CodeIgniter\Database\Exceptions\DatabaseException: Unknown column 'active' in 'where clause'
in SYSTEMPATH/Database/MySQLi/Connection.php on line 317.
 1 SYSTEMPATH/Database/BaseConnection.php(734): CodeIgniter\Database\MySQLi\Connection->execute('SELECT COUNT(*) AS `numrows`
FROM `utilisateurs`
WHERE `active` = 1')
 2 SYSTEMPATH/Database/BaseConnection.php(648): CodeIgniter\Database\BaseConnection->simpleQuery('SELECT COUNT(*) AS `numrows`
FROM `utilisateurs`
WHERE `active` = 1')
 3 SYSTEMPATH/Database/BaseBuilder.php(1728): CodeIgniter\Database\BaseConnection->query('SELECT COUNT(*) AS `numrows`
FROM `utilisateurs`
WHERE `active` = :active:', [...], false)
 4 SYSTEMPATH/Model.php(678): CodeIgniter\Database\BaseBuilder->countAllResults(true)
 5 APPPATH/Models/DashboardModel.php(20): CodeIgniter\Model->countAllResults()
 6 APPPATH/Controllers/DasController.php(17): App\Models\DashboardModel->countActiveUsers()
 7 SYSTEMPATH/CodeIgniter.php(933): App\Controllers\DasController->index()
 8 SYSTEMPATH/CodeIgniter.php(509): CodeIgniter\CodeIgniter->runController(Object(App\Controllers\DasController))
 9 SYSTEMPATH/CodeIgniter.php(355): CodeIgniter\CodeIgniter->handleRequest(null, Object(Config\Cache), false)
10 SYSTEMPATH/Boot.php(325): CodeIgniter\CodeIgniter->run()
11 SYSTEMPATH/Boot.php(67): CodeIgniter\Boot::runCodeIgniter(Object(CodeIgniter\CodeIgniter))
12 FCPATH/index.php(56): CodeIgniter\Boot::bootWeb(Object(Config\Paths))
13 SYSTEMPATH/rewrite.php(44): require_once('/Applications/XAMPP/xamppfiles/htdocs/my_project/public/index.php')
CRITICAL - 2024-11-30 22:21:15 --> [Caused by] mysqli_sql_exception: Unknown column 'active' in 'where clause'
in SYSTEMPATH/Database/MySQLi/Connection.php on line 312.
 1 SYSTEMPATH/Database/MySQLi/Connection.php(312): mysqli->query('SELECT COUNT(*) AS `numrows`
FROM `utilisateurs`
WHERE `active` = 1', 0)
 2 SYSTEMPATH/Database/BaseConnection.php(734): CodeIgniter\Database\MySQLi\Connection->execute('SELECT COUNT(*) AS `numrows`
FROM `utilisateurs`
WHERE `active` = 1')
 3 SYSTEMPATH/Database/BaseConnection.php(648): CodeIgniter\Database\BaseConnection->simpleQuery('SELECT COUNT(*) AS `numrows`
FROM `utilisateurs`
WHERE `active` = 1')
 4 SYSTEMPATH/Database/BaseBuilder.php(1728): CodeIgniter\Database\BaseConnection->query('SELECT COUNT(*) AS `numrows`
FROM `utilisateurs`
WHERE `active` = :active:', [...], false)
 5 SYSTEMPATH/Model.php(678): CodeIgniter\Database\BaseBuilder->countAllResults(true)
 6 APPPATH/Models/DashboardModel.php(20): CodeIgniter\Model->countAllResults()
 7 APPPATH/Controllers/DasController.php(17): App\Models\DashboardModel->countActiveUsers()
 8 SYSTEMPATH/CodeIgniter.php(933): App\Controllers\DasController->index()
 9 SYSTEMPATH/CodeIgniter.php(509): CodeIgniter\CodeIgniter->runController(Object(App\Controllers\DasController))
10 SYSTEMPATH/CodeIgniter.php(355): CodeIgniter\CodeIgniter->handleRequest(null, Object(Config\Cache), false)
11 SYSTEMPATH/Boot.php(325): CodeIgniter\CodeIgniter->run()
12 SYSTEMPATH/Boot.php(67): CodeIgniter\Boot::runCodeIgniter(Object(CodeIgniter\CodeIgniter))
13 FCPATH/index.php(56): CodeIgniter\Boot::bootWeb(Object(Config\Paths))
14 SYSTEMPATH/rewrite.php(44): require_once('/Applications/XAMPP/xamppfiles/htdocs/my_project/public/index.php')
WARNING - 2024-11-30 22:21:19 --> [DEPRECATED] Creation of dynamic property App\Controllers\AuthController::$userModel is deprecated in APPPATH/Controllers/AuthController.php on line 11.
 1 SYSTEMPATH/CodeIgniter.php(903): App\Controllers\AuthController->__construct()
 2 SYSTEMPATH/CodeIgniter.php(500): CodeIgniter\CodeIgniter->createController()
 3 SYSTEMPATH/CodeIgniter.php(355): CodeIgniter\CodeIgniter->handleRequest(null, Object(Config\Cache), false)
 4 SYSTEMPATH/Boot.php(325): CodeIgniter\CodeIgniter->run()
 5 SYSTEMPATH/Boot.php(67): CodeIgniter\Boot::runCodeIgniter(Object(CodeIgniter\CodeIgniter))
 6 FCPATH/index.php(56): CodeIgniter\Boot::bootWeb(Object(Config\Paths))
 7 SYSTEMPATH/rewrite.php(44): require_once('/Applications/XAMPP/xamppfiles/htdocs/my_project/public/index.php')
INFO - 2024-11-30 22:21:19 --> Session: Class initialized using 'CodeIgniter\Session\Handlers\FileHandler' driver.
WARNING - 2024-11-30 22:21:26 --> [DEPRECATED] Creation of dynamic property App\Controllers\AuthController::$userModel is deprecated in APPPATH/Controllers/AuthController.php on line 11.
 1 SYSTEMPATH/CodeIgniter.php(903): App\Controllers\AuthController->__construct()
 2 SYSTEMPATH/CodeIgniter.php(500): CodeIgniter\CodeIgniter->createController()
 3 SYSTEMPATH/CodeIgniter.php(355): CodeIgniter\CodeIgniter->handleRequest(null, Object(Config\Cache), false)
 4 SYSTEMPATH/Boot.php(325): CodeIgniter\CodeIgniter->run()
 5 SYSTEMPATH/Boot.php(67): CodeIgniter\Boot::runCodeIgniter(Object(CodeIgniter\CodeIgniter))
 6 FCPATH/index.php(56): CodeIgniter\Boot::bootWeb(Object(Config\Paths))
 7 SYSTEMPATH/rewrite.php(44): require_once('/Applications/XAMPP/xamppfiles/htdocs/my_project/public/index.php')
INFO - 2024-11-30 22:21:26 --> Session: Class initialized using 'CodeIgniter\Session\Handlers\FileHandler' driver.
WARNING - 2024-11-30 22:21:47 --> [DEPRECATED] Creation of dynamic property App\Controllers\AuthController::$userModel is deprecated in APPPATH/Controllers/AuthController.php on line 11.
 1 SYSTEMPATH/CodeIgniter.php(903): App\Controllers\AuthController->__construct()
 2 SYSTEMPATH/CodeIgniter.php(500): CodeIgniter\CodeIgniter->createController()
 3 SYSTEMPATH/CodeIgniter.php(355): CodeIgniter\CodeIgniter->handleRequest(null, Object(Config\Cache), false)
 4 SYSTEMPATH/Boot.php(325): CodeIgniter\CodeIgniter->run()
 5 SYSTEMPATH/Boot.php(67): CodeIgniter\Boot::runCodeIgniter(Object(CodeIgniter\CodeIgniter))
 6 FCPATH/index.php(56): CodeIgniter\Boot::bootWeb(Object(Config\Paths))
 7 SYSTEMPATH/rewrite.php(44): require_once('/Applications/XAMPP/xamppfiles/htdocs/my_project/public/index.php')
INFO - 2024-11-30 22:21:47 --> Session: Class initialized using 'CodeIgniter\Session\Handlers\FileHandler' driver.
ERROR - 2024-11-30 22:21:47 --> mysqli_sql_exception: Unknown column 'active' in 'where clause' in /Applications/XAMPP/xamppfiles/htdocs/my_project/system/Database/MySQLi/Connection.php:312
Stack trace:
#0 /Applications/XAMPP/xamppfiles/htdocs/my_project/system/Database/MySQLi/Connection.php(312): mysqli->query('SELECT COUNT(*)...', 0)
#1 /Applications/XAMPP/xamppfiles/htdocs/my_project/system/Database/BaseConnection.php(734): CodeIgniter\Database\MySQLi\Connection->execute('SELECT COUNT(*)...')
#2 /Applications/XAMPP/xamppfiles/htdocs/my_project/system/Database/BaseConnection.php(648): CodeIgniter\Database\BaseConnection->simpleQuery('SELECT COUNT(*)...')
#3 /Applications/XAMPP/xamppfiles/htdocs/my_project/system/Database/BaseBuilder.php(1728): CodeIgniter\Database\BaseConnection->query('SELECT COUNT(*)...', Array, false)
#4 /Applications/XAMPP/xamppfiles/htdocs/my_project/system/Model.php(678): CodeIgniter\Database\BaseBuilder->countAllResults(true)
#5 /Applications/XAMPP/xamppfiles/htdocs/my_project/app/Models/DashboardModel.php(20): CodeIgniter\Model->countAllResults()
#6 /Applications/XAMPP/xamppfiles/htdocs/my_project/app/Controllers/DasController.php(17): App\Models\DashboardModel->countActiveUsers()
#7 /Applications/XAMPP/xamppfiles/htdocs/my_project/system/CodeIgniter.php(933): App\Controllers\DasController->index()
#8 /Applications/XAMPP/xamppfiles/htdocs/my_project/system/CodeIgniter.php(509): CodeIgniter\CodeIgniter->runController(Object(App\Controllers\DasController))
#9 /Applications/XAMPP/xamppfiles/htdocs/my_project/system/CodeIgniter.php(355): CodeIgniter\CodeIgniter->handleRequest(NULL, Object(Config\Cache), false)
#10 /Applications/XAMPP/xamppfiles/htdocs/my_project/system/Boot.php(325): CodeIgniter\CodeIgniter->run()
#11 /Applications/XAMPP/xamppfiles/htdocs/my_project/system/Boot.php(67): CodeIgniter\Boot::runCodeIgniter(Object(CodeIgniter\CodeIgniter))
#12 /Applications/XAMPP/xamppfiles/htdocs/my_project/public/index.php(56): CodeIgniter\Boot::bootWeb(Object(Config\Paths))
#13 /Applications/XAMPP/xamppfiles/htdocs/my_project/system/rewrite.php(44): require_once('/Applications/X...')
#14 {main}
CRITICAL - 2024-11-30 22:21:47 --> CodeIgniter\Database\Exceptions\DatabaseException: Unknown column 'active' in 'where clause'
[Method: GET, Route: da]
in SYSTEMPATH/Database/BaseConnection.php on line 688.
 1 SYSTEMPATH/Database/BaseBuilder.php(1728): CodeIgniter\Database\BaseConnection->query('SELECT COUNT(*) AS `numrows`
FROM `utilisateurs`
WHERE `active` = :active:', [...], false)
 2 SYSTEMPATH/Model.php(678): CodeIgniter\Database\BaseBuilder->countAllResults(true)
 3 APPPATH/Models/DashboardModel.php(20): CodeIgniter\Model->countAllResults()
 4 APPPATH/Controllers/DasController.php(17): App\Models\DashboardModel->countActiveUsers()
 5 SYSTEMPATH/CodeIgniter.php(933): App\Controllers\DasController->index()
 6 SYSTEMPATH/CodeIgniter.php(509): CodeIgniter\CodeIgniter->runController(Object(App\Controllers\DasController))
 7 SYSTEMPATH/CodeIgniter.php(355): CodeIgniter\CodeIgniter->handleRequest(null, Object(Config\Cache), false)
 8 SYSTEMPATH/Boot.php(325): CodeIgniter\CodeIgniter->run()
 9 SYSTEMPATH/Boot.php(67): CodeIgniter\Boot::runCodeIgniter(Object(CodeIgniter\CodeIgniter))
10 FCPATH/index.php(56): CodeIgniter\Boot::bootWeb(Object(Config\Paths))
11 SYSTEMPATH/rewrite.php(44): require_once('/Applications/XAMPP/xamppfiles/htdocs/my_project/public/index.php')
CRITICAL - 2024-11-30 22:21:47 --> [Caused by] CodeIgniter\Database\Exceptions\DatabaseException: Unknown column 'active' in 'where clause'
in SYSTEMPATH/Database/MySQLi/Connection.php on line 317.
 1 SYSTEMPATH/Database/BaseConnection.php(734): CodeIgniter\Database\MySQLi\Connection->execute('SELECT COUNT(*) AS `numrows`
FROM `utilisateurs`
WHERE `active` = 1')
 2 SYSTEMPATH/Database/BaseConnection.php(648): CodeIgniter\Database\BaseConnection->simpleQuery('SELECT COUNT(*) AS `numrows`
FROM `utilisateurs`
WHERE `active` = 1')
 3 SYSTEMPATH/Database/BaseBuilder.php(1728): CodeIgniter\Database\BaseConnection->query('SELECT COUNT(*) AS `numrows`
FROM `utilisateurs`
WHERE `active` = :active:', [...], false)
 4 SYSTEMPATH/Model.php(678): CodeIgniter\Database\BaseBuilder->countAllResults(true)
 5 APPPATH/Models/DashboardModel.php(20): CodeIgniter\Model->countAllResults()
 6 APPPATH/Controllers/DasController.php(17): App\Models\DashboardModel->countActiveUsers()
 7 SYSTEMPATH/CodeIgniter.php(933): App\Controllers\DasController->index()
 8 SYSTEMPATH/CodeIgniter.php(509): CodeIgniter\CodeIgniter->runController(Object(App\Controllers\DasController))
 9 SYSTEMPATH/CodeIgniter.php(355): CodeIgniter\CodeIgniter->handleRequest(null, Object(Config\Cache), false)
10 SYSTEMPATH/Boot.php(325): CodeIgniter\CodeIgniter->run()
11 SYSTEMPATH/Boot.php(67): CodeIgniter\Boot::runCodeIgniter(Object(CodeIgniter\CodeIgniter))
12 FCPATH/index.php(56): CodeIgniter\Boot::bootWeb(Object(Config\Paths))
13 SYSTEMPATH/rewrite.php(44): require_once('/Applications/XAMPP/xamppfiles/htdocs/my_project/public/index.php')
CRITICAL - 2024-11-30 22:21:47 --> [Caused by] mysqli_sql_exception: Unknown column 'active' in 'where clause'
in SYSTEMPATH/Database/MySQLi/Connection.php on line 312.
 1 SYSTEMPATH/Database/MySQLi/Connection.php(312): mysqli->query('SELECT COUNT(*) AS `numrows`
FROM `utilisateurs`
WHERE `active` = 1', 0)
 2 SYSTEMPATH/Database/BaseConnection.php(734): CodeIgniter\Database\MySQLi\Connection->execute('SELECT COUNT(*) AS `numrows`
FROM `utilisateurs`
WHERE `active` = 1')
 3 SYSTEMPATH/Database/BaseConnection.php(648): CodeIgniter\Database\BaseConnection->simpleQuery('SELECT COUNT(*) AS `numrows`
FROM `utilisateurs`
WHERE `active` = 1')
 4 SYSTEMPATH/Database/BaseBuilder.php(1728): CodeIgniter\Database\BaseConnection->query('SELECT COUNT(*) AS `numrows`
FROM `utilisateurs`
WHERE `active` = :active:', [...], false)
 5 SYSTEMPATH/Model.php(678): CodeIgniter\Database\BaseBuilder->countAllResults(true)
 6 APPPATH/Models/DashboardModel.php(20): CodeIgniter\Model->countAllResults()
 7 APPPATH/Controllers/DasController.php(17): App\Models\DashboardModel->countActiveUsers()
 8 SYSTEMPATH/CodeIgniter.php(933): App\Controllers\DasController->index()
 9 SYSTEMPATH/CodeIgniter.php(509): CodeIgniter\CodeIgniter->runController(Object(App\Controllers\DasController))
10 SYSTEMPATH/CodeIgniter.php(355): CodeIgniter\CodeIgniter->handleRequest(null, Object(Config\Cache), false)
11 SYSTEMPATH/Boot.php(325): CodeIgniter\CodeIgniter->run()
12 SYSTEMPATH/Boot.php(67): CodeIgniter\Boot::runCodeIgniter(Object(CodeIgniter\CodeIgniter))
13 FCPATH/index.php(56): CodeIgniter\Boot::bootWeb(Object(Config\Paths))
14 SYSTEMPATH/rewrite.php(44): require_once('/Applications/XAMPP/xamppfiles/htdocs/my_project/public/index.php')
CRITICAL - 2024-11-30 22:23:18 --> CodeIgniter\HTTP\Exceptions\BadRequestException: The URI you submitted has disallowed characters: "<"
[Method: GET, Route: %3C]
in SYSTEMPATH/Router/Router.php on line 737.
 1 SYSTEMPATH/Router/Router.php(204): CodeIgniter\Router\Router->checkDisallowedChars('<')
 2 SYSTEMPATH/CodeIgniter.php(834): CodeIgniter\Router\Router->handle('<')
 3 SYSTEMPATH/CodeIgniter.php(457): CodeIgniter\CodeIgniter->tryToRouteIt(Object(CodeIgniter\Router\RouteCollection))
 4 SYSTEMPATH/CodeIgniter.php(355): CodeIgniter\CodeIgniter->handleRequest(null, Object(Config\Cache), false)
 5 SYSTEMPATH/Boot.php(325): CodeIgniter\CodeIgniter->run()
 6 SYSTEMPATH/Boot.php(67): CodeIgniter\Boot::runCodeIgniter(Object(CodeIgniter\CodeIgniter))
 7 FCPATH/index.php(56): CodeIgniter\Boot::bootWeb(Object(Config\Paths))
 8 SYSTEMPATH/rewrite.php(44): require_once('/Applications/XAMPP/xamppfiles/htdocs/my_project/public/index.php')
CRITICAL - 2024-11-30 22:23:21 --> CodeIgniter\HTTP\Exceptions\BadRequestException: The URI you submitted has disallowed characters: "<"
[Method: GET, Route: %3C]
in SYSTEMPATH/Router/Router.php on line 737.
 1 SYSTEMPATH/Router/Router.php(204): CodeIgniter\Router\Router->checkDisallowedChars('<')
 2 SYSTEMPATH/CodeIgniter.php(834): CodeIgniter\Router\Router->handle('<')
 3 SYSTEMPATH/CodeIgniter.php(457): CodeIgniter\CodeIgniter->tryToRouteIt(Object(CodeIgniter\Router\RouteCollection))
 4 SYSTEMPATH/CodeIgniter.php(355): CodeIgniter\CodeIgniter->handleRequest(null, Object(Config\Cache), false)
 5 SYSTEMPATH/Boot.php(325): CodeIgniter\CodeIgniter->run()
 6 SYSTEMPATH/Boot.php(67): CodeIgniter\Boot::runCodeIgniter(Object(CodeIgniter\CodeIgniter))
 7 FCPATH/index.php(56): CodeIgniter\Boot::bootWeb(Object(Config\Paths))
 8 SYSTEMPATH/rewrite.php(44): require_once('/Applications/XAMPP/xamppfiles/htdocs/my_project/public/index.php')
CRITICAL - 2024-11-30 22:23:21 --> CodeIgniter\HTTP\Exceptions\BadRequestException: The URI you submitted has disallowed characters: "<"
[Method: GET, Route: %3C]
in SYSTEMPATH/Router/Router.php on line 737.
 1 SYSTEMPATH/Router/Router.php(204): CodeIgniter\Router\Router->checkDisallowedChars('<')
 2 SYSTEMPATH/CodeIgniter.php(834): CodeIgniter\Router\Router->handle('<')
 3 SYSTEMPATH/CodeIgniter.php(457): CodeIgniter\CodeIgniter->tryToRouteIt(Object(CodeIgniter\Router\RouteCollection))
 4 SYSTEMPATH/CodeIgniter.php(355): CodeIgniter\CodeIgniter->handleRequest(null, Object(Config\Cache), false)
 5 SYSTEMPATH/Boot.php(325): CodeIgniter\CodeIgniter->run()
 6 SYSTEMPATH/Boot.php(67): CodeIgniter\Boot::runCodeIgniter(Object(CodeIgniter\CodeIgniter))
 7 FCPATH/index.php(56): CodeIgniter\Boot::bootWeb(Object(Config\Paths))
 8 SYSTEMPATH/rewrite.php(44): require_once('/Applications/XAMPP/xamppfiles/htdocs/my_project/public/index.php')
CRITICAL - 2024-11-30 22:23:22 --> CodeIgniter\HTTP\Exceptions\BadRequestException: The URI you submitted has disallowed characters: "<"
[Method: GET, Route: %3C]
in SYSTEMPATH/Router/Router.php on line 737.
 1 SYSTEMPATH/Router/Router.php(204): CodeIgniter\Router\Router->checkDisallowedChars('<')
 2 SYSTEMPATH/CodeIgniter.php(834): CodeIgniter\Router\Router->handle('<')
 3 SYSTEMPATH/CodeIgniter.php(457): CodeIgniter\CodeIgniter->tryToRouteIt(Object(CodeIgniter\Router\RouteCollection))
 4 SYSTEMPATH/CodeIgniter.php(355): CodeIgniter\CodeIgniter->handleRequest(null, Object(Config\Cache), false)
 5 SYSTEMPATH/Boot.php(325): CodeIgniter\CodeIgniter->run()
 6 SYSTEMPATH/Boot.php(67): CodeIgniter\Boot::runCodeIgniter(Object(CodeIgniter\CodeIgniter))
 7 FCPATH/index.php(56): CodeIgniter\Boot::bootWeb(Object(Config\Paths))
 8 SYSTEMPATH/rewrite.php(44): require_once('/Applications/XAMPP/xamppfiles/htdocs/my_project/public/index.php')
CRITICAL - 2024-11-30 22:23:30 --> CodeIgniter\HTTP\Exceptions\BadRequestException: The URI you submitted has disallowed characters: "<"
[Method: GET, Route: %3C]
in SYSTEMPATH/Router/Router.php on line 737.
 1 SYSTEMPATH/Router/Router.php(204): CodeIgniter\Router\Router->checkDisallowedChars('<')
 2 SYSTEMPATH/CodeIgniter.php(834): CodeIgniter\Router\Router->handle('<')
 3 SYSTEMPATH/CodeIgniter.php(457): CodeIgniter\CodeIgniter->tryToRouteIt(Object(CodeIgniter\Router\RouteCollection))
 4 SYSTEMPATH/CodeIgniter.php(355): CodeIgniter\CodeIgniter->handleRequest(null, Object(Config\Cache), false)
 5 SYSTEMPATH/Boot.php(325): CodeIgniter\CodeIgniter->run()
 6 SYSTEMPATH/Boot.php(67): CodeIgniter\Boot::runCodeIgniter(Object(CodeIgniter\CodeIgniter))
 7 FCPATH/index.php(56): CodeIgniter\Boot::bootWeb(Object(Config\Paths))
 8 SYSTEMPATH/rewrite.php(44): require_once('/Applications/XAMPP/xamppfiles/htdocs/my_project/public/index.php')
